[Sat Nov 23 14:10:13.188 2019] 0.000 sec 0.000 sec [ext2/1/ext 0 (0,20)] [book_core] as
[Sat Nov 23 14:10:28.925 2019] 0.001 sec 0.001 sec [ext2/1/ext 1 (0,20)] [book_core] title
[Sat Nov 23 14:11:52.550 2019] 0.001 sec 0.001 sec [ext2/1/ext 1 (0,20)] [book_core] hemu
[Sat Nov 23 14:12:08.577 2019] 0.000 sec 0.000 sec [ext2/1/ext 0 (0,20)] [book_core] des
[Sat Nov 23 14:12:12.989 2019] 0.000 sec 0.000 sec [ext2/1/ext 1 (0,20)] [book_core] description
[Sat Nov 23 14:12:16.798 2019] 0.000 sec 0.000 sec [ext2/1/ext 0 (0,20)] [book_core] descriptio
[Sat Nov 23 14:12:19.568 2019] 0.000 sec 0.000 sec [ext2/1/ext 1 (0,20)] [book_core] description
[Sat Nov 23 14:19:20.101 2019] 0.000 sec 0.000 sec [ext2/1/ext 1 (0,20)] [book_core] "hemu"
[Sat Nov 23 14:19:52.004 2019] 0.000 sec 0.000 sec [ext2/1/ext 1 (0,20)] [book_core] "title"
[Sat Nov 23 17:49:13.248 2019] 0.000 sec 0.000 sec [ext2/1/ext 1 (0,20)] [book_core] title
[Sat Nov 23 18:04:31.018 2019] 0.000 sec 0.000 sec [ext2/1/ext 1 (0,20)] [book_core] title
[Sat Nov 23 18:08:53.718 2019] 0.000 sec 0.000 sec [ext2/1/ext 1 (0,20)] [book_core] title
[Sat Nov 23 18:10:40.652 2019] 0.001 sec 0.001 sec [ext2/1/ext 1 (0,20)] [book_core] title
[Sat Nov 23 18:24:44.787 2019] 0.000 sec 0.000 sec [ext2/1/ext 2 (0,20)] [`book_core`, `book_delta] title
[Sat Nov 23 18:35:54.329 2019] 0.000 sec 0.000 sec [ext2/1/ext 1 (0,20)] [book_core]
[Sat Nov 23 18:36:19.306 2019] 0.000 sec 0.000 sec [ext2/1/ext 1 (0,20)] [book_core]
[Sat Nov 23 18:36:41.614 2019] 0.000 sec 0.000 sec [ext2/1/ext 2 (0,20)] [`book_core`, `book_delta] title
[Sat Nov 23 18:37:58.171 2019] 0.000 sec 0.000 sec [ext2/1/ext 0 (0,20)] [book_core]
[Sat Nov 23 18:38:15.533 2019] 0.000 sec 0.000 sec [ext2/1/ext 1 (0,20)] [`book_core`, `book_delta] new
[Sat Nov 23 18:38:49.104 2019] 0.000 sec 0.000 sec [ext2/1/ext 1 (0,20)] [`book_core`, `book_delta] new
[Sat Nov 23 18:51:49.983 2019] 0.000 sec 0.000 sec [ext2/1/ext 0 (0,20)] [`book_core`, `book_delta] name
[Sat Nov 23 18:53:19.040 2019] 0.000 sec 0.000 sec [ext2/1/ext 2 (0,20)] [`book_core`, `book_delta] "title"
[Sat Nov 23 18:56:07.471 2019] 0.000 sec 0.000 sec [ext2/1/ext 1 (0,20)] [`book_core`, `book_delta] "New"
[Sat Nov 23 18:56:33.119 2019] 0.000 sec 0.000 sec [ext2/1/ext 1 (0,20)] [`book_core`, `book_delta] New
[Sat Nov 23 18:57:06.069 2019] 0.000 sec 0.000 sec [ext2/1/ext 1 (0,20)] [`book_core`, `book_delta] New
[Sat Nov 23 18:58:55.104 2019] 0.000 sec 0.000 sec [ext2/1/ext 2 (0,20)] [`book_core`, `book_delta] hemu
[Sat Nov 23 18:59:04.637 2019] 0.000 sec 0.000 sec [ext2/1/ext 1 (0,20)] [`book_core`, `book_delta] description
[Sat Nov 23 19:00:24.731 2019] 0.000 sec 0.000 sec [ext2/1/ext 0 (0,20)] [`book_core`, `book_delta] abc
[Sat Nov 23 19:00:37.013 2019] 0.000 sec 0.000 sec [ext2/1/ext 0 (0,20)] [`book_core`, `book_delta] rr
[Sat Nov 23 19:00:59.683 2019] 0.000 sec 0.000 sec [ext2/1/ext 0 (0,20)] [`book_core`, `book_delta] rr
[Sat Nov 23 19:02:13.880 2019] 0.000 sec 0.000 sec [ext2/1/ext 2 (0,20)] [`book_core`, `book_delta] Des
[Sat Nov 23 19:03:12.450 2019] 0.000 sec 0.000 sec [ext2/1/ext 1 (0,20)] [`book_core`, `book_delta] Ramesh
[Sat Nov 23 19:03:51.973 2019] 0.000 sec 0.000 sec [ext2/1/ext 0 (0,20)] [`book_core`, `book_delta] Rajesg
[Sat Nov 23 19:04:28.717 2019] 0.000 sec 0.000 sec [ext2/1/ext 0 (0,20)] [`book_core`, `book_delta] Desc
[Sat Nov 23 19:05:29.777 2019] 0.000 sec 0.000 sec [ext2/1/ext 0 (0,20)] [book_core]
[Sat Nov 23 19:06:00.485 2019] 0.000 sec 0.000 sec [ext2/1/ext 1 (0,20)] [`book_core`, `book_delta] Rajesh
[Sat Nov 23 19:10:02.584 2019] 0.000 sec 0.000 sec [ext2/1/ext 1 (0,20)] [`book_core`, `book_delta] ABC
[Sat Nov 23 19:13:22.629 2019] 0.000 sec 0.000 sec [ext2/1/ext 0 (0,20)] [book_core]
[Sat Nov 23 19:14:28.832 2019] 0.000 sec 0.000 sec [ext2/1/ext 0 (0,20)] [`book_core`, `book_delta] eeklavya
[Sat Nov 23 19:14:32.556 2019] 0.000 sec 0.000 sec [ext2/1/ext 1 (0,20)] [`book_core`, `book_delta] eklavya
[Sat Nov 23 19:27:59.184 2019] 0.000 sec 0.000 sec [ext2/1/ext 3 (0,20)] [`book_core`, `book_delta] hemu
[Sat Nov 23 19:28:09.819 2019] 0.000 sec 0.000 sec [ext2/1/ext 2 (0,20)] [`book_core`, `book_delta] title
[Sat Nov 23 19:31:59.416 2019] 0.000 sec 0.000 sec [ext2/1/ext 0 (0,20)] [book_core]
[Sat Nov 23 19:32:29.516 2019] 0.000 sec 0.000 sec [ext2/1/ext 4 (0,20)] [`book_core`, `book_delta] hemu
[Sat Nov 23 19:32:58.714 2019] 0.000 sec 0.000 sec [ext2/1/ext 4 (0,20)] [`book_core`, `book_delta] hemu
[Sat Nov 23 19:33:09.676 2019] 0.000 sec 0.000 sec [ext2/1/ext 4 (0,20)] [`book_core`, `book_delta] hemu
[Sat Nov 23 19:33:27.194 2019] 0.000 sec 0.000 sec [ext2/1/ext 4 (0,20)] [`book_core`, `book_delta] hemu
[Sat Nov 23 19:39:29.377 2019] 0.000 sec 0.000 sec [ext2/1/ext 1 (0,20)] [`book_core`, `book_delta] description
[Sat Nov 23 19:41:07.116 2019] 0.000 sec 0.000 sec [ext2/1/ext 1 (0,20)] [book_core]
[Sat Nov 23 19:41:07.117 2019] 0.000 sec 0.000 sec [ext2/1/ext 1 (0,20)] [book_delta]
[Sat Nov 23 19:41:07.319 2019] 0.000 sec 0.000 sec [ext2/1/ext 1 (0,20)] [book_core]
[Sat Nov 23 19:41:07.321 2019] 0.000 sec 0.000 sec [ext2/1/ext 1 (0,20)] [book_core]
[Sat Nov 23 19:41:07.321 2019] 0.000 sec 0.000 sec [ext2/1/ext 1 (0,20)] [book_delta]
[Sat Nov 23 19:41:07.835 2019] 0.000 sec 0.000 sec [ext2/1/ext 1 (0,20)] [book_core]
[Sat Nov 23 19:41:07.836 2019] 0.000 sec 0.000 sec [ext2/1/ext 0 (0,20)] [book_core]
[Sat Nov 23 19:41:07.836 2019] 0.000 sec 0.000 sec [ext2/1/ext 1 (0,20)] [book_delta]
[Sat Nov 23 19:41:07.899 2019] 0.000 sec 0.000 sec [ext2/1/ext 0 (0,20)] [book_core]
[Sat Nov 23 19:41:07.901 2019] 0.000 sec 0.000 sec [ext2/1/ext 0 (0,20)] [book_core]
[Sat Nov 23 19:41:07.901 2019] 0.000 sec 0.000 sec [ext2/1/ext 1 (0,20)] [book_delta]
[Sat Nov 23 19:41:07.957 2019] 0.000 sec 0.000 sec [ext2/1/ext 0 (0,20)] [book_core]
[Sat Nov 23 19:41:07.958 2019] 0.000 sec 0.000 sec [ext2/1/ext 0 (0,20)] [book_core]
[Sat Nov 23 19:41:07.958 2019] 0.000 sec 0.000 sec [ext2/1/ext 1 (0,20)] [book_delta]
[Sat Nov 23 19:41:08.018 2019] 0.000 sec 0.000 sec [ext2/1/ext 0 (0,20)] [book_core]
[Sat Nov 23 19:41:08.019 2019] 0.000 sec 0.000 sec [ext2/1/ext 0 (0,20)] [book_core]
[Sat Nov 23 19:41:08.020 2019] 0.000 sec 0.000 sec [ext2/1/ext 1 (0,20)] [book_delta]
[Sat Nov 23 19:41:08.083 2019] 0.000 sec 0.000 sec [ext2/1/ext 0 (0,20)] [book_core]
[Sat Nov 23 19:42:35.322 2019] 0.000 sec 0.000 sec [ext2/1/ext 0 (0,20)] [`book_core`, `book_delta] description
